conv.cpp:14:9: warning: HLS pragma dump _XLX_SEP_ PragmaIsValid=1_XLX_SEP_ PragmaType=pipeline_XLX_SEP_ PragmaContext=_XLX_SEP_ PragmaFunction=conv1D_XLX_SEP_ PragmaOptions=II=1_XLX_SEP_ [-Wdump-hls-pragmas]
#pragma HLS PIPELINE II=1
        ^
conv.cpp:17:9: warning: HLS pragma dump _XLX_SEP_ PragmaIsValid=1_XLX_SEP_ PragmaType=unroll_XLX_SEP_ PragmaContext=_XLX_SEP_ PragmaFunction=conv1D_XLX_SEP_ PragmaOptions=_XLX_SEP_ [-Wdump-hls-pragmas]
#pragma HLS UNROLL
        ^
/home/clyybber/projects/uni/cnnhw/final/ACCN-Homework/workflow/vitis_workflow2/solution1/csynth.tcl:16:9: warning: HLS pragma dump _XLX_SEP_ PragmaIsValid=1_XLX_SEP_ PragmaType=top_XLX_SEP_ PragmaContext=directive_XLX_SEP_ PragmaFunction=EntryConv_XLX_SEP_ PragmaOptions=name=EntryConv_XLX_SEP_ [-Wdump-hls-pragmas]
#pragma HLSDIRECTIVE TOP name=EntryConv
        ^
conv.cpp:28:9: warning: HLS pragma dump _XLX_SEP_ PragmaIsValid=1_XLX_SEP_ PragmaType=interface_XLX_SEP_ PragmaContext=_XLX_SEP_ PragmaFunction=EntryConv_XLX_SEP_ PragmaOptions=m_axi port=X,W_XLX_SEP_ [-Wdump-hls-pragmas]
#pragma HLS interface m_axi port=X,W
        ^
conv.cpp:29:9: warning: HLS pragma dump _XLX_SEP_ PragmaIsValid=1_XLX_SEP_ PragmaType=interface_XLX_SEP_ PragmaContext=_XLX_SEP_ PragmaFunction=EntryConv_XLX_SEP_ PragmaOptions=m_axi port=Z_XLX_SEP_ [-Wdump-hls-pragmas]
#pragma HLS interface m_axi port=Z
        ^
conv.cpp:30:9: warning: HLS pragma dump _XLX_SEP_ PragmaIsValid=1_XLX_SEP_ PragmaType=interface_XLX_SEP_ PragmaContext=_XLX_SEP_ PragmaFunction=EntryConv_XLX_SEP_ PragmaOptions=s_axilite port=return_XLX_SEP_ [-Wdump-hls-pragmas]
#pragma HLS interface s_axilite port=return
        ^
conv.cpp:31:9: warning: HLS pragma dump _XLX_SEP_ PragmaIsValid=1_XLX_SEP_ PragmaType=interface_XLX_SEP_ PragmaContext=_XLX_SEP_ PragmaFunction=EntryConv_XLX_SEP_ PragmaOptions=s_axilite port=X,W_XLX_SEP_ [-Wdump-hls-pragmas]
#pragma HLS interface s_axilite port=X,W
        ^
conv.cpp:32:9: warning: HLS pragma dump _XLX_SEP_ PragmaIsValid=1_XLX_SEP_ PragmaType=interface_XLX_SEP_ PragmaContext=_XLX_SEP_ PragmaFunction=EntryConv_XLX_SEP_ PragmaOptions=s_axilite port=Z_XLX_SEP_ [-Wdump-hls-pragmas]
#pragma HLS interface s_axilite port=Z
        ^
8 warnings generated.
