

================================================================
== Vitis HLS Report for 'EntryConv'
================================================================
* Date:           Sun Jul  9 00:04:02 2023

* Version:        2023.1 (Build 3854077 on May  4 2023)
* Project:        vitis_workflow2
* Solution:       solution1 (Vivado IP Flow Target)
* Product family: zynq
* Target device:  xc7z020-clg400-1


================================================================
== Performance Estimates
================================================================
+ Timing: 
    * Summary: 
    +--------+----------+----------+------------+
    |  Clock |  Target  | Estimated| Uncertainty|
    +--------+----------+----------+------------+
    |ap_clk  |  10.00 ns|  7.300 ns|     2.70 ns|
    +--------+----------+----------+------------+

+ Latency: 
    * Summary: 
    +---------+---------+----------+----------+-----+-----+---------+
    |  Latency (cycles) |  Latency (absolute) |  Interval | Pipeline|
    |   min   |   max   |    min   |    max   | min | max |   Type  |
    +---------+---------+----------+----------+-----+-----+---------+
    |      148|      148|  1.480 us|  1.480 us|  149|  149|       no|
    +---------+---------+----------+----------+-----+-----+---------+

    + Detail: 
        * Instance: 
        +----------------------------------------------+-----------------------------------+---------+---------+----------+----------+-----+-----+---------+
        |                                              |                                   |  Latency (cycles) |  Latency (absolute) |  Interval | Pipeline|
        |                   Instance                   |               Module              |   min   |   max   |    min   |    max   | min | max |   Type  |
        +----------------------------------------------+-----------------------------------+---------+---------+----------+----------+-----+-----+---------+
        |grp_EntryConv_Pipeline_VITIS_LOOP_8_1_fu_121  |EntryConv_Pipeline_VITIS_LOOP_8_1  |       17|       17|  0.170 us|  0.170 us|   17|   17|       no|
        |grp_EntryConv_Pipeline_OL_fu_134              |EntryConv_Pipeline_OL              |      115|      115|  1.150 us|  1.150 us|  115|  115|       no|
        +----------------------------------------------+-----------------------------------+---------+---------+----------+----------+-----+-----+---------+

        * Loop: 
        N/A



================================================================
== Utilization Estimates
================================================================
* Summary: 
+-----------------+---------+-----+--------+-------+-----+
|       Name      | BRAM_18K| DSP |   FF   |  LUT  | URAM|
+-----------------+---------+-----+--------+-------+-----+
|DSP              |        -|    -|       -|      -|    -|
|Expression       |        -|    -|       0|     71|    -|
|FIFO             |        -|    -|       -|      -|    -|
|Instance         |        4|   13|    2967|   3629|    -|
|Memory           |        -|    -|       -|      -|    -|
|Multiplexer      |        -|    -|       -|    253|    -|
|Register         |        -|    -|     267|      -|    -|
+-----------------+---------+-----+--------+-------+-----+
|Total            |        4|   13|    3234|   3953|    0|
+-----------------+---------+-----+--------+-------+-----+
|Available        |      280|  220|  106400|  53200|    0|
+-----------------+---------+-----+--------+-------+-----+
|Utilization (%)  |        1|    5|       3|      7|    0|
+-----------------+---------+-----+--------+-------+-----+

+ Detail: 
    * Instance: 
    +----------------------------------------------+-----------------------------------+---------+----+------+------+-----+
    |                   Instance                   |               Module              | BRAM_18K| DSP|  FF  |  LUT | URAM|
    +----------------------------------------------+-----------------------------------+---------+----+------+------+-----+
    |grp_EntryConv_Pipeline_OL_fu_134              |EntryConv_Pipeline_OL              |        0|  13|  1264|  1915|    0|
    |grp_EntryConv_Pipeline_VITIS_LOOP_8_1_fu_121  |EntryConv_Pipeline_VITIS_LOOP_8_1  |        0|   0|   627|   556|    0|
    |control_s_axi_U                               |control_s_axi                      |        0|   0|   246|   424|    0|
    |gmem_m_axi_U                                  |gmem_m_axi                         |        4|   0|   830|   734|    0|
    +----------------------------------------------+-----------------------------------+---------+----+------+------+-----+
    |Total                                         |                                   |        4|  13|  2967|  3629|    0|
    +----------------------------------------------+-----------------------------------+---------+----+------+------+-----+

    * DSP: 
    N/A

    * Memory: 
    N/A

    * FIFO: 
    N/A

    * Expression: 
    +--------------------+----------+----+---+----+------------+------------+
    |    Variable Name   | Operation| DSP| FF| LUT| Bitwidth P0| Bitwidth P1|
    +--------------------+----------+----+---+----+------------+------------+
    |add_ln13_fu_169_p2  |         +|   0|  0|  71|          64|           4|
    +--------------------+----------+----+---+----+------------+------------+
    |Total               |          |   0|  0|  71|          64|           4|
    +--------------------+----------+----+---+----+------------+------------+

    * Multiplexer: 
    +---------------+----+-----------+-----+-----------+
    |      Name     | LUT| Input Size| Bits| Total Bits|
    +---------------+----+-----------+-----+-----------+
    |ap_NS_fsm      |  87|         18|    1|         18|
    |gmem_ARADDR    |  20|          4|   64|        256|
    |gmem_ARLEN     |  20|          4|   32|        128|
    |gmem_ARVALID   |  20|          4|    1|          4|
    |gmem_AWADDR    |  14|          3|   64|        192|
    |gmem_AWLEN     |  14|          3|   32|         96|
    |gmem_AWVALID   |  14|          3|    1|          3|
    |gmem_BREADY    |  14|          3|    1|          3|
    |gmem_RREADY    |  14|          3|    1|          3|
    |gmem_WVALID    |   9|          2|    1|          2|
    |gmem_blk_n_AR  |   9|          2|    1|          2|
    |gmem_blk_n_AW  |   9|          2|    1|          2|
    |gmem_blk_n_B   |   9|          2|    1|          2|
    +---------------+----+-----------+-----+-----------+
    |Total          | 253|         53|  201|        711|
    +---------------+----+-----------+-----+-----------+

    * Register: 
    +-----------------------------------------------------------+----+----+-----+-----------+
    |                            Name                           | FF | LUT| Bits| Const Bits|
    +-----------------------------------------------------------+----+----+-----+-----------+
    |ap_CS_fsm                                                  |  17|   0|   17|          0|
    |grp_EntryConv_Pipeline_OL_fu_134_ap_start_reg              |   1|   0|    1|          0|
    |grp_EntryConv_Pipeline_VITIS_LOOP_8_1_fu_121_ap_start_reg  |   1|   0|    1|          0|
    |trunc_ln13_1_reg_281                                       |  62|   0|   62|          0|
    |trunc_ln8_1_reg_270                                        |  62|   0|   62|          0|
    |trunc_ln8_reg_265                                          |  62|   0|   62|          0|
    |trunc_ln_reg_275                                           |  62|   0|   62|          0|
    +-----------------------------------------------------------+----+----+-----+-----------+
    |Total                                                      | 267|   0|  267|          0|
    +-----------------------------------------------------------+----+----+-----+-----------+



================================================================
== Interface
================================================================
* Summary: 
+-----------------------+-----+-----+------------+--------------+--------------+
|       RTL Ports       | Dir | Bits|  Protocol  | Source Object|    C Type    |
+-----------------------+-----+-----+------------+--------------+--------------+
|s_axi_control_AWVALID  |   in|    1|       s_axi|       control|        scalar|
|s_axi_control_AWREADY  |  out|    1|       s_axi|       control|        scalar|
|s_axi_control_AWADDR   |   in|    6|       s_axi|       control|        scalar|
|s_axi_control_WVALID   |   in|    1|       s_axi|       control|        scalar|
|s_axi_control_WREADY   |  out|    1|       s_axi|       control|        scalar|
|s_axi_control_WDATA    |   in|   32|       s_axi|       control|        scalar|
|s_axi_control_WSTRB    |   in|    4|       s_axi|       control|        scalar|
|s_axi_control_ARVALID  |   in|    1|       s_axi|       control|        scalar|
|s_axi_control_ARREADY  |  out|    1|       s_axi|       control|        scalar|
|s_axi_control_ARADDR   |   in|    6|       s_axi|       control|        scalar|
|s_axi_control_RVALID   |  out|    1|       s_axi|       control|        scalar|
|s_axi_control_RREADY   |   in|    1|       s_axi|       control|        scalar|
|s_axi_control_RDATA    |  out|   32|       s_axi|       control|        scalar|
|s_axi_control_RRESP    |  out|    2|       s_axi|       control|        scalar|
|s_axi_control_BVALID   |  out|    1|       s_axi|       control|        scalar|
|s_axi_control_BREADY   |   in|    1|       s_axi|       control|        scalar|
|s_axi_control_BRESP    |  out|    2|       s_axi|       control|        scalar|
|ap_clk                 |   in|    1|  ap_ctrl_hs|     EntryConv|  return value|
|ap_rst_n               |   in|    1|  ap_ctrl_hs|     EntryConv|  return value|
|interrupt              |  out|    1|  ap_ctrl_hs|     EntryConv|  return value|
|m_axi_gmem_AWVALID     |  out|    1|       m_axi|          gmem|       pointer|
|m_axi_gmem_AWREADY     |   in|    1|       m_axi|          gmem|       pointer|
|m_axi_gmem_AWADDR      |  out|   64|       m_axi|          gmem|       pointer|
|m_axi_gmem_AWID        |  out|    1|       m_axi|          gmem|       pointer|
|m_axi_gmem_AWLEN       |  out|    8|       m_axi|          gmem|       pointer|
|m_axi_gmem_AWSIZE      |  out|    3|       m_axi|          gmem|       pointer|
|m_axi_gmem_AWBURST     |  out|    2|       m_axi|          gmem|       pointer|
|m_axi_gmem_AWLOCK      |  out|    2|       m_axi|          gmem|       pointer|
|m_axi_gmem_AWCACHE     |  out|    4|       m_axi|          gmem|       pointer|
|m_axi_gmem_AWPROT      |  out|    3|       m_axi|          gmem|       pointer|
|m_axi_gmem_AWQOS       |  out|    4|       m_axi|          gmem|       pointer|
|m_axi_gmem_AWREGION    |  out|    4|       m_axi|          gmem|       pointer|
|m_axi_gmem_AWUSER      |  out|    1|       m_axi|          gmem|       pointer|
|m_axi_gmem_WVALID      |  out|    1|       m_axi|          gmem|       pointer|
|m_axi_gmem_WREADY      |   in|    1|       m_axi|          gmem|       pointer|
|m_axi_gmem_WDATA       |  out|   32|       m_axi|          gmem|       pointer|
|m_axi_gmem_WSTRB       |  out|    4|       m_axi|          gmem|       pointer|
|m_axi_gmem_WLAST       |  out|    1|       m_axi|          gmem|       pointer|
|m_axi_gmem_WID         |  out|    1|       m_axi|          gmem|       pointer|
|m_axi_gmem_WUSER       |  out|    1|       m_axi|          gmem|       pointer|
|m_axi_gmem_ARVALID     |  out|    1|       m_axi|          gmem|       pointer|
|m_axi_gmem_ARREADY     |   in|    1|       m_axi|          gmem|       pointer|
|m_axi_gmem_ARADDR      |  out|   64|       m_axi|          gmem|       pointer|
|m_axi_gmem_ARID        |  out|    1|       m_axi|          gmem|       pointer|
|m_axi_gmem_ARLEN       |  out|    8|       m_axi|          gmem|       pointer|
|m_axi_gmem_ARSIZE      |  out|    3|       m_axi|          gmem|       pointer|
|m_axi_gmem_ARBURST     |  out|    2|       m_axi|          gmem|       pointer|
|m_axi_gmem_ARLOCK      |  out|    2|       m_axi|          gmem|       pointer|
|m_axi_gmem_ARCACHE     |  out|    4|       m_axi|          gmem|       pointer|
|m_axi_gmem_ARPROT      |  out|    3|       m_axi|          gmem|       pointer|
|m_axi_gmem_ARQOS       |  out|    4|       m_axi|          gmem|       pointer|
|m_axi_gmem_ARREGION    |  out|    4|       m_axi|          gmem|       pointer|
|m_axi_gmem_ARUSER      |  out|    1|       m_axi|          gmem|       pointer|
|m_axi_gmem_RVALID      |   in|    1|       m_axi|          gmem|       pointer|
|m_axi_gmem_RREADY      |  out|    1|       m_axi|          gmem|       pointer|
|m_axi_gmem_RDATA       |   in|   32|       m_axi|          gmem|       pointer|
|m_axi_gmem_RLAST       |   in|    1|       m_axi|          gmem|       pointer|
|m_axi_gmem_RID         |   in|    1|       m_axi|          gmem|       pointer|
|m_axi_gmem_RUSER       |   in|    1|       m_axi|          gmem|       pointer|
|m_axi_gmem_RRESP       |   in|    2|       m_axi|          gmem|       pointer|
|m_axi_gmem_BVALID      |   in|    1|       m_axi|          gmem|       pointer|
|m_axi_gmem_BREADY      |  out|    1|       m_axi|          gmem|       pointer|
|m_axi_gmem_BRESP       |   in|    2|       m_axi|          gmem|       pointer|
|m_axi_gmem_BID         |   in|    1|       m_axi|          gmem|       pointer|
|m_axi_gmem_BUSER       |   in|    1|       m_axi|          gmem|       pointer|
+-----------------------+-----+-----+------------+--------------+--------------+

